[0m18:39:04.050623 [debug] [MainThread]: Sending event: {'category': 'dbt', 'action': 'invocation', 'label': 'start', 'context': [<snowplow_tracker.self_describing_json.SelfDescribingJson object at 0x0000025A99A9B1D0>, <snowplow_tracker.self_describing_json.SelfDescribingJson object at 0x0000025A99A8F590>, <snowplow_tracker.self_describing_json.SelfDescribingJson object at 0x0000025A99A48890>]}


============================== 18:39:04.055502 | 2580eb19-852b-4a6a-a714-16f363908c04 ==============================
[0m18:39:04.055502 [info ] [MainThread]: Running with dbt=1.8.7
[0m18:39:04.055502 [debug] [MainThread]: running dbt with arguments {'printer_width': '80', 'indirect_selection': 'eager', 'write_json': 'True', 'log_cache_events': 'False', 'partial_parse': 'True', 'cache_selected_only': 'False', 'profiles_dir': 'C:\\Users\\Lenovo\\.dbt', 'version_check': 'True', 'debug': 'False', 'log_path': 'logs', 'fail_fast': 'False', 'warn_error': 'None', 'use_colors': 'True', 'use_experimental_parser': 'False', 'no_print': 'None', 'quiet': 'False', 'empty': 'None', 'log_format': 'default', 'invocation_command': 'dbt init GCP-PROJECT_2', 'static_parser': 'True', 'introspect': 'True', 'target_path': 'None', 'warn_error_options': 'WarnErrorOptions(include=[], exclude=[])', 'send_anonymous_usage_stats': 'True'}
[0m18:39:04.082460 [warn ] [MainThread]: [ConfigFolderDirectory]: Unable to parse dict {'dir': WindowsPath('C:/Users/Lenovo/.dbt')}
[0m18:39:04.082460 [info ] [MainThread]: Creating dbt configuration folder at 
[0m18:40:50.331470 [debug] [MainThread]: Starter project path: C:\Users\Lenovo\Desktop\GCP-Project_2\myenv\Lib\site-packages\dbt\include\starter_project
[0m18:40:50.404910 [info ] [MainThread]: 
Your new dbt project "gcp_project" was created!

For more information on how to configure the profiles.yml file,
please consult the dbt documentation here:

  https://docs.getdbt.com/docs/configure-your-profile

One more thing:

Need help? Don't hesitate to reach out to us via GitHub issues or on Slack:

  https://community.getdbt.com/

Happy modeling!

[0m18:40:50.405916 [info ] [MainThread]: Setting up your profile.
[0m18:43:09.002356 [info ] [MainThread]: Profile gcp_project written to C:\Users\Lenovo\.dbt\profiles.yml using target's profile_template.yml and your supplied values. Run 'dbt debug' to validate the connection.
[0m18:43:09.007444 [debug] [MainThread]: Command `dbt init` succeeded at 18:43:09.007444 after 245.02 seconds
[0m18:43:09.007444 [debug] [MainThread]: Sending event: {'category': 'dbt', 'action': 'invocation', 'label': 'end', 'context': [<snowplow_tracker.self_describing_json.SelfDescribingJson object at 0x0000025A99A4B610>, <snowplow_tracker.self_describing_json.SelfDescribingJson object at 0x0000025A99A4AD10>, <snowplow_tracker.self_describing_json.SelfDescribingJson object at 0x0000025A99A4B850>]}
[0m18:43:09.007444 [debug] [MainThread]: Flushing usage events
[0m18:57:52.865619 [debug] [MainThread]: Sending event: {'category': 'dbt', 'action': 'invocation', 'label': 'start', 'context': [<snowplow_tracker.self_describing_json.SelfDescribingJson object at 0x0000024430E9E710>, <snowplow_tracker.self_describing_json.SelfDescribingJson object at 0x0000024430B75750>, <snowplow_tracker.self_describing_json.SelfDescribingJson object at 0x0000024430EA8B90>]}


============================== 18:57:52.870626 | 75b0f7fd-dcf0-4be0-b2a9-cfd809b1ce59 ==============================
[0m18:57:52.870626 [info ] [MainThread]: Running with dbt=1.8.7
[0m18:57:52.870626 [debug] [MainThread]: running dbt with arguments {'printer_width': '80', 'indirect_selection': 'eager', 'log_cache_events': 'False', 'write_json': 'True', 'partial_parse': 'True', 'cache_selected_only': 'False', 'warn_error': 'None', 'version_check': 'True', 'fail_fast': 'False', 'log_path': 'logs', 'profiles_dir': 'C:\\Users\\Lenovo\\.dbt', 'debug': 'False', 'use_colors': 'True', 'use_experimental_parser': 'False', 'no_print': 'None', 'quiet': 'False', 'empty': 'None', 'warn_error_options': 'WarnErrorOptions(include=[], exclude=[])', 'static_parser': 'True', 'invocation_command': 'dbt debug', 'introspect': 'True', 'target_path': 'None', 'log_format': 'default', 'send_anonymous_usage_stats': 'True'}
[0m18:57:52.892770 [info ] [MainThread]: dbt version: 1.8.7
[0m18:57:52.892770 [info ] [MainThread]: python version: 3.11.4
[0m18:57:52.892770 [info ] [MainThread]: python path: C:\Users\Lenovo\Desktop\GCP-Project_2\myenv\Scripts\python.exe
[0m18:57:52.892770 [info ] [MainThread]: os info: Windows-10-10.0.22631-SP0
[0m18:57:54.017287 [info ] [MainThread]: Using profiles dir at C:\Users\Lenovo\.dbt
[0m18:57:54.021544 [info ] [MainThread]: Using profiles.yml file at C:\Users\Lenovo\.dbt\profiles.yml
[0m18:57:54.021544 [info ] [MainThread]: Using dbt_project.yml file at C:\Users\Lenovo\Desktop\GCP-Project_2\dbt_project.yml
[0m18:57:54.021544 [info ] [MainThread]: adapter type: bigquery
[0m18:57:54.021544 [info ] [MainThread]: adapter version: 1.8.2
[0m18:57:54.021544 [info ] [MainThread]: Configuration:
[0m18:57:54.021544 [info ] [MainThread]:   profiles.yml file [[32mOK found and valid[0m]
[0m18:57:54.021544 [info ] [MainThread]:   dbt_project.yml file [[31mERROR not found[0m]
[0m18:57:54.021544 [info ] [MainThread]: Required dependencies:
[0m18:57:54.021544 [debug] [MainThread]: Executing "git --help"
[0m18:57:54.073984 [debug] [MainThread]: STDOUT: "b"usage: git [-v | --version] [-h | --help] [-C <path>] [-c <name>=<value>]\n           [--exec-path[=<path>]] [--html-path] [--man-path] [--info-path]\n           [-p | --paginate | -P | --no-pager] [--no-replace-objects] [--bare]\n           [--git-dir=<path>] [--work-tree=<path>] [--namespace=<name>]\n           [--config-env=<name>=<envvar>] <command> [<args>]\n\nThese are common Git commands used in various situations:\n\nstart a working area (see also: git help tutorial)\n   clone     Clone a repository into a new directory\n   init      Create an empty Git repository or reinitialize an existing one\n\nwork on the current change (see also: git help everyday)\n   add       Add file contents to the index\n   mv        Move or rename a file, a directory, or a symlink\n   restore   Restore working tree files\n   rm        Remove files from the working tree and from the index\n\nexamine the history and state (see also: git help revisions)\n   bisect    Use binary search to find the commit that introduced a bug\n   diff      Show changes between commits, commit and working tree, etc\n   grep      Print lines matching a pattern\n   log       Show commit logs\n   show      Show various types of objects\n   status    Show the working tree status\n\ngrow, mark and tweak your common history\n   branch    List, create, or delete branches\n   commit    Record changes to the repository\n   merge     Join two or more development histories together\n   rebase    Reapply commits on top of another base tip\n   reset     Reset current HEAD to the specified state\n   switch    Switch branches\n   tag       Create, list, delete or verify a tag object signed with GPG\n\ncollaborate (see also: git help workflows)\n   fetch     Download objects and refs from another repository\n   pull      Fetch from and integrate with another repository or a local branch\n   push      Update remote refs along with associated objects\n\n'git help -a' and 'git help -g' list available subcommands and some\nconcept guides. See 'git help <command>' or 'git help <concept>'\nto read about a specific subcommand or concept.\nSee 'git help git' for an overview of the system.\n""
[0m18:57:54.073984 [debug] [MainThread]: STDERR: "b''"
[0m18:57:54.073984 [info ] [MainThread]:  - git [[32mOK found[0m]

[0m18:57:54.078490 [info ] [MainThread]: Connection:
[0m18:57:54.078490 [info ] [MainThread]:   method: oauth
[0m18:57:54.078490 [info ] [MainThread]:   database: seconde-gcp-project
[0m18:57:54.078490 [info ] [MainThread]:   execution_project: seconde-gcp-project
[0m18:57:54.078490 [info ] [MainThread]:   schema: dataset_bank
[0m18:57:54.078490 [info ] [MainThread]:   location: EU
[0m18:57:54.082279 [info ] [MainThread]:   priority: interactive
[0m18:57:54.083288 [info ] [MainThread]:   maximum_bytes_billed: None
[0m18:57:54.084422 [info ] [MainThread]:   impersonate_service_account: None
[0m18:57:54.084982 [info ] [MainThread]:   job_retry_deadline_seconds: None
[0m18:57:54.084982 [info ] [MainThread]:   job_retries: 1
[0m18:57:54.084982 [info ] [MainThread]:   job_creation_timeout_seconds: None
[0m18:57:54.084982 [info ] [MainThread]:   job_execution_timeout_seconds: 300
[0m18:57:54.084982 [info ] [MainThread]:   timeout_seconds: 300
[0m18:57:54.084982 [info ] [MainThread]:   client_id: None
[0m18:57:54.089491 [info ] [MainThread]:   token_uri: None
[0m18:57:54.089491 [info ] [MainThread]:   dataproc_region: None
[0m18:57:54.090873 [info ] [MainThread]:   dataproc_cluster_name: None
[0m18:57:54.090873 [info ] [MainThread]:   gcs_bucket: None
[0m18:57:54.091909 [info ] [MainThread]:   dataproc_batch: None
[0m18:57:54.091909 [info ] [MainThread]: Registered adapter: bigquery=1.8.2
[0m18:57:54.091909 [debug] [MainThread]: Acquiring new bigquery connection 'debug'
[0m18:57:54.091909 [debug] [MainThread]: Opening a new connection, currently in state init
[0m18:57:56.576527 [debug] [MainThread]: On debug: select 1 as id
[0m18:58:01.031743 [debug] [MainThread]: BigQuery adapter: https://console.cloud.google.com/bigquery?project=seconde-gcp-project&j=bq:EU:cabadc48-b47d-4e08-b89b-7f391bcb9b71&page=queryresults
[0m18:58:01.425826 [info ] [MainThread]:   Connection test: [[32mOK connection ok[0m]

[0m18:58:01.427741 [info ] [MainThread]: [31m1 check failed:[0m
[0m18:58:01.428745 [info ] [MainThread]: Project loading failed for the following reason:
 project path <C:\Users\Lenovo\Desktop\GCP-Project_2\dbt_project.yml> not found

[0m18:58:01.432646 [debug] [MainThread]: Command `dbt debug` failed at 18:58:01.432646 after 8.66 seconds
[0m18:58:01.433623 [debug] [MainThread]: Connection 'debug' was properly closed.
[0m18:58:01.434546 [debug] [MainThread]: Sending event: {'category': 'dbt', 'action': 'invocation', 'label': 'end', 'context': [<snowplow_tracker.self_describing_json.SelfDescribingJson object at 0x0000024430EA8B90>, <snowplow_tracker.self_describing_json.SelfDescribingJson object at 0x0000024430EAB150>, <snowplow_tracker.self_describing_json.SelfDescribingJson object at 0x0000024430EABB90>]}
[0m18:58:01.435631 [debug] [MainThread]: Flushing usage events
